{"uid":"7e1e067224130b5d","name":"正在实时转写过程中，点击退出账号，弹窗提示需先结束实时转写，然后再退出系统，点击确定后再退出账号","fullName":"testcases.test_zlogout.TestLogout#test_logout_while_transcription","historyId":"2b161c58820ac444b583aa6e008ffdac","time":{"start":1752219624347,"stop":1752219639931,"duration":15584},"status":"broken","statusMessage":"selenium.common.exceptions.NoSuchElementException: Message: no such element: Unable to locate element: {\"method\":\"xpath\",\"selector\":\"/html/body/section/section/main/section/main/div[2]/div/div/div[1]/div[2]/div[1]/div/div/div[1]\"}\n  (Session info: chrome=138.0.7204.97); For documentation on this error, please visit: https://www.selenium.dev/documentation/webdriver/troubleshooting/errors#nosuchelementexception\nStacktrace:\n\tGetHandleVerifier [0x0x7ff630da6f75+76917]\n\tGetHandleVerifier [0x0x7ff630da6fd0+77008]\n\t(No symbol) [0x0x7ff630b59dea]\n\t(No symbol) [0x0x7ff630bb0256]\n\t(No symbol) [0x0x7ff630bb050c]\n\t(No symbol) [0x0x7ff630c03887]\n\t(No symbol) [0x0x7ff630bd84af]\n\t(No symbol) [0x0x7ff630c0065c]\n\t(No symbol) [0x0x7ff630bd8243]\n\t(No symbol) [0x0x7ff630ba1431]\n\t(No symbol) [0x0x7ff630ba21c3]\n\tGetHandleVerifier [0x0x7ff63107d2ad+3051437]\n\tGetHandleVerifier [0x0x7ff631077903+3028483]\n\tGetHandleVerifier [0x0x7ff63109589d+3151261]\n\tGetHandleVerifier [0x0x7ff630dc183e+185662]\n\tGetHandleVerifier [0x0x7ff630dc96ff+218111]\n\tGetHandleVerifier [0x0x7ff630dafaf4+112628]\n\tGetHandleVerifier [0x0x7ff630dafca9+113065]\n\tGetHandleVerifier [0x0x7ff630d96c78+10616]\n\tBaseThreadInitThunk [0x0x7ffda2ace8d7+23]\n\tRtlUserThreadStart [0x0x7ffda375c34c+44]","statusTrace":"self = <test_zlogout.TestLogout object at 0x0000023D0BC4F510>\ndriver = <selenium.webdriver.chrome.webdriver.WebDriver (session=\"26217301175d7c0d8f11dd8155685659\")>\n\n    @allure.story(\"实时转写时退出登录\")\n    @allure.title(\"正在实时转写过程中，点击退出账号，弹窗提示需先结束实时转写，然后再退出系统，点击确定后再退出账号\")\n    @allure.feature(\"正在实时转写过程中，点击退出账号，弹窗提示需先结束实时转写，然后再退出系统，点击确定后再退出账号\")\n    def test_logout_while_transcription(self,driver):\n        #单独运行时添加\n        # login = LoginPage(driver)\n        # login.open()\n        # login.login()\n        logout = LogoutPage(driver)\n>       logout.logout_transcription()\n\ntestcases\\test_zlogout.py:36: \n_ _ _ _ _ _ _ _ _ _ _ _ _ _ _ _ _ _ _ _ _ _ _ _ _ _ _ _ _ _ _ _ _ _ _ _ _ _ _ _\npages\\logout_page.py:35: in logout_transcription\n    self.driver.find_element(By.XPATH, '/html/body/section/section/main/section/main/div[2]/div/div/div[1]/div[2]/div[1]/div/div/div[1]').click()\n    ^^^^^^^^^^^^^^^^^^^^^^^^^^^^^^^^^^^^^^^^^^^^^^^^^^^^^^^^^^^^^^^^^^^^^^^^^^^^^^^^^^^^^^^^^^^^^^^^^^^^^^^^^^^^^^^^^^^^^^^^^^^^^^^^^^^^^\n.venv\\Lib\\site-packages\\selenium\\webdriver\\remote\\webdriver.py:922: in find_element\n    return self.execute(Command.FIND_ELEMENT, {\"using\": by, \"value\": value})[\"value\"]\n           ^^^^^^^^^^^^^^^^^^^^^^^^^^^^^^^^^^^^^^^^^^^^^^^^^^^^^^^^^^^^^^^^^\n.venv\\Lib\\site-packages\\selenium\\webdriver\\remote\\webdriver.py:454: in execute\n    self.error_handler.check_response(response)\n_ _ _ _ _ _ _ _ _ _ _ _ _ _ _ _ _ _ _ _ _ _ _ _ _ _ _ _ _ _ _ _ _ _ _ _ _ _ _ _\n\nself = <selenium.webdriver.remote.errorhandler.ErrorHandler object at 0x0000023D0B2AD290>\nresponse = {'status': 404, 'value': '{\"value\":{\"error\":\"no such element\",\"message\":\"no such element: Unable to locate element: {\\...ff630d96c78+10616]\\\\n\\\\tBaseThreadInitThunk [0x0x7ffda2ace8d7+23]\\\\n\\\\tRtlUserThreadStart [0x0x7ffda375c34c+44]\\\\n\"}}'}\n\n    def check_response(self, response: dict[str, Any]) -> None:\n        \"\"\"Checks that a JSON response from the WebDriver does not have an\n        error.\n    \n        :Args:\n         - response - The JSON response from the WebDriver server as a dictionary\n           object.\n    \n        :Raises: If the response contains an error message.\n        \"\"\"\n        status = response.get(\"status\", None)\n        if not status or status == ErrorCode.SUCCESS:\n            return\n        value = None\n        message = response.get(\"message\", \"\")\n        screen: str = response.get(\"screen\", \"\")\n        stacktrace = None\n        if isinstance(status, int):\n            value_json = response.get(\"value\", None)\n            if value_json and isinstance(value_json, str):\n                try:\n                    value = json.loads(value_json)\n                    if isinstance(value, dict):\n                        if len(value) == 1:\n                            value = value[\"value\"]\n                        status = value.get(\"error\", None)\n                        if not status:\n                            status = value.get(\"status\", ErrorCode.UNKNOWN_ERROR)\n                            message = value.get(\"value\") or value.get(\"message\")\n                            if not isinstance(message, str):\n                                value = message\n                                message = message.get(\"message\")\n                        else:\n                            message = value.get(\"message\", None)\n                except ValueError:\n                    pass\n    \n        exception_class: type[WebDriverException]\n        e = ErrorCode()\n        error_codes = [item for item in dir(e) if not item.startswith(\"__\")]\n        for error_code in error_codes:\n            error_info = getattr(ErrorCode, error_code)\n            if isinstance(error_info, list) and status in error_info:\n                exception_class = getattr(ExceptionMapping, error_code, WebDriverException)\n                break\n        else:\n            exception_class = WebDriverException\n    \n        if not value:\n            value = response[\"value\"]\n        if isinstance(value, str):\n            raise exception_class(value)\n        if message == \"\" and \"message\" in value:\n            message = value[\"message\"]\n    \n        screen = None  # type: ignore[assignment]\n        if \"screen\" in value:\n            screen = value[\"screen\"]\n    \n        stacktrace = None\n        st_value = value.get(\"stackTrace\") or value.get(\"stacktrace\")\n        if st_value:\n            if isinstance(st_value, str):\n                stacktrace = st_value.split(\"\\n\")\n            else:\n                stacktrace = []\n                try:\n                    for frame in st_value:\n                        line = frame.get(\"lineNumber\", \"\")\n                        file = frame.get(\"fileName\", \"<anonymous>\")\n                        if line:\n                            file = f\"{file}:{line}\"\n                        meth = frame.get(\"methodName\", \"<anonymous>\")\n                        if \"className\" in frame:\n                            meth = f\"{frame['className']}.{meth}\"\n                        msg = \"    at %s (%s)\"\n                        msg = msg % (meth, file)\n                        stacktrace.append(msg)\n                except TypeError:\n                    pass\n        if exception_class == UnexpectedAlertPresentException:\n            alert_text = None\n            if \"data\" in value:\n                alert_text = value[\"data\"].get(\"text\")\n            elif \"alert\" in value:\n                alert_text = value[\"alert\"].get(\"text\")\n            raise exception_class(message, screen, stacktrace, alert_text)  # type: ignore[call-arg]  # mypy is not smart enough here\n>       raise exception_class(message, screen, stacktrace)\nE       selenium.common.exceptions.NoSuchElementException: Message: no such element: Unable to locate element: {\"method\":\"xpath\",\"selector\":\"/html/body/section/section/main/section/main/div[2]/div/div/div[1]/div[2]/div[1]/div/div/div[1]\"}\nE         (Session info: chrome=138.0.7204.97); For documentation on this error, please visit: https://www.selenium.dev/documentation/webdriver/troubleshooting/errors#nosuchelementexception\nE       Stacktrace:\nE       \tGetHandleVerifier [0x0x7ff630da6f75+76917]\nE       \tGetHandleVerifier [0x0x7ff630da6fd0+77008]\nE       \t(No symbol) [0x0x7ff630b59dea]\nE       \t(No symbol) [0x0x7ff630bb0256]\nE       \t(No symbol) [0x0x7ff630bb050c]\nE       \t(No symbol) [0x0x7ff630c03887]\nE       \t(No symbol) [0x0x7ff630bd84af]\nE       \t(No symbol) [0x0x7ff630c0065c]\nE       \t(No symbol) [0x0x7ff630bd8243]\nE       \t(No symbol) [0x0x7ff630ba1431]\nE       \t(No symbol) [0x0x7ff630ba21c3]\nE       \tGetHandleVerifier [0x0x7ff63107d2ad+3051437]\nE       \tGetHandleVerifier [0x0x7ff631077903+3028483]\nE       \tGetHandleVerifier [0x0x7ff63109589d+3151261]\nE       \tGetHandleVerifier [0x0x7ff630dc183e+185662]\nE       \tGetHandleVerifier [0x0x7ff630dc96ff+218111]\nE       \tGetHandleVerifier [0x0x7ff630dafaf4+112628]\nE       \tGetHandleVerifier [0x0x7ff630dafca9+113065]\nE       \tGetHandleVerifier [0x0x7ff630d96c78+10616]\nE       \tBaseThreadInitThunk [0x0x7ffda2ace8d7+23]\nE       \tRtlUserThreadStart [0x0x7ffda375c34c+44]\n\n.venv\\Lib\\site-packages\\selenium\\webdriver\\remote\\errorhandler.py:232: NoSuchElementException","flaky":false,"newFailed":false,"newBroken":false,"newPassed":false,"retriesCount":0,"retriesStatusChange":false,"beforeStages":[{"name":"driver","time":{"start":1752218859212,"stop":1752218860548,"duration":1336},"status":"passed","steps":[],"attachments":[],"parameters":[],"shouldDisplayMessage":false,"attachmentsCount":0,"stepsCount":0,"attachmentStep":false,"hasContent":false},{"name":"ensure_login","time":{"start":1752219624342,"stop":1752219624346,"duration":4},"status":"passed","steps":[],"attachments":[],"parameters":[],"shouldDisplayMessage":false,"attachmentsCount":0,"stepsCount":0,"attachmentStep":false,"hasContent":false}],"afterStages":[{"name":"driver::0","time":{"start":1752219645051,"stop":1752219650258,"duration":5207},"status":"passed","steps":[],"attachments":[],"parameters":[],"shouldDisplayMessage":false,"attachmentsCount":0,"stepsCount":0,"attachmentStep":false,"hasContent":false}],"labels":[{"name":"feature","value":"正在实时转写过程中，点击退出账号，弹窗提示需先结束实时转写，然后再退出系统，点击确定后再退出账号"},{"name":"story","value":"实时转写时退出登录"},{"name":"feature","value":"退出功能"},{"name":"parentSuite","value":"testcases"},{"name":"suite","value":"test_zlogout"},{"name":"subSuite","value":"TestLogout"},{"name":"host","value":"DESKTOP-P9LT7L8"},{"name":"thread","value":"29280-MainThread"},{"name":"framework","value":"pytest"},{"name":"language","value":"cpython3"},{"name":"package","value":"testcases.test_zlogout"},{"name":"resultFormat","value":"allure2"}],"parameters":[],"links":[],"hidden":false,"retry":false,"extra":{"severity":"normal","retries":[],"categories":[{"name":"Test defects","matchedStatuses":[]}],"tags":[]},"source":"7e1e067224130b5d.json","parameterValues":[]}